#
# There is insufficient memory for the Java Runtime Environment to continue.
# Native memory allocation (mmap) failed to map 156762112 bytes for committing reserved memory.
# Possible reasons:
#   The system is out of physical RAM or swap space
#   The process is running with CompressedOops enabled, and the Java Heap may be blocking the growth of the native heap
# Possible solutions:
#   Reduce memory load on the system
#   Increase physical memory or swap space
#   Check if swap backing store is full
#   Decrease Java heap size (-Xmx/-Xms)
#   Decrease number of Java threads
#   Decrease Java thread stack sizes (-Xss)
#   Set larger code cache with -XX:ReservedCodeCacheSize=
#   JVM is running with Unscaled Compressed Oops mode in which the Java heap is
#     placed in the first 4GB address space. The Java Heap base address is the
#     maximum limit for the native heap growth. Please use -XX:HeapBaseMinAddress
#     to set the Java Heap base and to place the Java Heap above 4GB virtual address.
# This output file may be truncated or incomplete.
#
#  Out of Memory Error (os_linux.cpp:2741), pid=3854, tid=3868
#
# JRE version: OpenJDK Runtime Environment Temurin-17.0.2+8 (17.0.2+8) (build 17.0.2+8)
# Java VM: OpenJDK 64-Bit Server VM Temurin-17.0.2+8 (17.0.2+8, mixed mode, tiered, compressed oops, compressed class ptrs, parallel gc, linux-amd64)
# Core dump will be written. Default location: Core dumps may be processed with "/usr/share/apport/apport %p %s %c %d %P" (or dumping to /home/cloud/Documents/ivt-lab/core.3854)
#

---------------  S U M M A R Y ------------

Command Line: --add-modules=ALL-SYSTEM --add-opens=java.base/java.util=ALL-UNNAMED --add-opens=java.base/java.lang=ALL-UNNAMED --add-opens=java.base/sun.nio.fs=ALL-UNNAMED -Declipse.application=org.eclipse.jdt.ls.core.id1 -Dosgi.bundles.defaultStartLevel=4 -Declipse.product=org.eclipse.jdt.ls.core.product -Djava.import.generatesMetadataFilesAtProjectRoot=false -Dfile.encoding=utf8 -XX:+UseParallelGC -XX:GCTimeRatio=4 -XX:AdaptiveSizePolicyWeight=90 -Dsun.zip.disableMemoryMapping=true -Xmx1G -Xms100m -XX:+HeapDumpOnOutOfMemoryError -XX:HeapDumpPath=/home/cloud/.config/Code/User/workspaceStorage/ebeff5a1f126a8ea674e0a1d12267378/redhat.java /home/cloud/.vscode/extensions/redhat.java-1.4.0-linux-x64/server/plugins/org.eclipse.equinox.launcher_1.6.400.v20210924-0641.jar -configuration /home/cloud/.config/Code/User/globalStorage/redhat.java/1.4.0/config_linux -data /home/cloud/.config/Code/User/workspaceStorage/ebeff5a1f126a8ea674e0a1d12267378/redhat.java/jdt_ws

Host: QEMU Virtual CPU version 2.5+, 1 cores, 1G, Ubuntu 18.04.3 LTS
Time: Fri Apr  8 10:59:16 2022 CEST elapsed time: 206.654271 seconds (0d 0h 3m 26s)

---------------  T H R E A D  ---------------

Current thread (0x00007f6c340ed560):  VMThread "VM Thread" [stack: 0x00007f6c1bf00000,0x00007f6c1c000000] [id=3868]

Stack: [0x00007f6c1bf00000,0x00007f6c1c000000],  sp=0x00007f6c1bffe100,  free space=1016k
Native frames: (J=compiled Java code, j=interpreted, Vv=VM code, C=native code)
V  [libjvm.so+0xf81ea1]  VMError::report_and_die(int, char const*, char const*, __va_list_tag*, Thread*, unsigned char*, void*, void*, char const*, int, unsigned long)+0x1a1
V  [libjvm.so+0xf82b2b]  VMError::report_and_die(Thread*, char const*, int, unsigned long, VMErrorType, char const*, __va_list_tag*)+0x2b
V  [libjvm.so+0x61d6ad]  report_vm_out_of_memory(char const*, int, unsigned long, VMErrorType, char const*, ...)+0xcd
V  [libjvm.so+0xc3dc72]  os::pd_commit_memory(char*, unsigned long, unsigned long, bool)+0x102
V  [libjvm.so+0xc36f8f]  os::commit_memory(char*, unsigned long, unsigned long, bool)+0x1f
V  [libjvm.so+0xcbfad6]  PSVirtualSpace::expand_by(unsigned long)+0x56
V  [libjvm.so+0xcae117]  PSOldGen::expand(unsigned long)+0x77
V  [libjvm.so+0xcae54d]  PSOldGen::resize(unsigned long)+0x12d
V  [libjvm.so+0xcb50ac]  PSParallelCompact::invoke_no_policy(bool) [clone .part.311]+0x6dc
V  [libjvm.so+0xcbcfb6]  PSScavenge::invoke()+0xb6
V  [libjvm.so+0xc624ea]  ParallelScavengeHeap::failed_mem_allocate(unsigned long)+0x2a
V  [libjvm.so+0xcbf8fd]  VM_ParallelGCFailedAllocation::doit()+0x4d
V  [libjvm.so+0xf871c3]  VM_Operation::evaluate()+0x173
V  [libjvm.so+0xf88cc6]  VMThread::evaluate_operation(VM_Operation*)+0x106
V  [libjvm.so+0xf89235]  VMThread::inner_execute(VM_Operation*)+0x1d5
V  [libjvm.so+0xf8950f]  VMThread::run()+0xbf
V  [libjvm.so+0xf062e2]  Thread::call_run()+0xe2
V  [libjvm.so+0xc40b81]  thread_native_entry(Thread*)+0xe1

VM_Operation (0x00007f6c18ffe3b0): ParallelGCFailedAllocation, mode: safepoint, requested by thread 0x000055f75781e4e0


---------------  P R O C E S S  ---------------

Threads class SMR info:
_java_thread_list=0x00007f6c14062b00, length=28, elements={
0x00007f6c34025f40, 0x00007f6c340fd4f0, 0x00007f6c340fea60, 0x00007f6c34125e30,
0x00007f6c34129740, 0x00007f6c3412a690, 0x00007f6c3412bce0, 0x00007f6c3412d190,
0x00007f6c3412e5d0, 0x00007f6c3419b440, 0x00007f6c341e7420, 0x00007f6c343b19c0,
0x00007f6c34414d30, 0x00007f6c344177f0, 0x000055f757255230, 0x000055f757430cf0,
0x000055f757573750, 0x00007f6c10002650, 0x00007f6c10007820, 0x000055f75781e4e0,
0x00007f6c3449cad0, 0x00007f6c34548970, 0x00007f6c140054f0, 0x00007f6bfc208ae0,
0x00007f6bfc734970, 0x00007f6c081d2da0, 0x00007f6c14020d30, 0x00007f6c04012a70
}

Java Threads: ( => current thread )
  0x00007f6c34025f40 JavaThread "main" [_thread_blocked, id=3855, stack(0x00007f6c3cc75000,0x00007f6c3cd76000)]
  0x00007f6c340fd4f0 JavaThread "Reference Handler" daemon [_thread_blocked, id=3869, stack(0x00007f6c1bdfd000,0x00007f6c1befe000)]
  0x00007f6c340fea60 JavaThread "Finalizer" daemon [_thread_blocked, id=3870, stack(0x00007f6c1bcfc000,0x00007f6c1bdfd000)]
  0x00007f6c34125e30 JavaThread "Signal Dispatcher" daemon [_thread_blocked, id=3871, stack(0x00007f6c1b798000,0x00007f6c1b899000)]
  0x00007f6c34129740 JavaThread "Service Thread" daemon [_thread_blocked, id=3872, stack(0x00007f6c1b697000,0x00007f6c1b798000)]
  0x00007f6c3412a690 JavaThread "Monitor Deflation Thread" daemon [_thread_blocked, id=3873, stack(0x00007f6c1b596000,0x00007f6c1b697000)]
  0x00007f6c3412bce0 JavaThread "C2 CompilerThread0" daemon [_thread_blocked, id=3874, stack(0x00007f6c1b495000,0x00007f6c1b596000)]
  0x00007f6c3412d190 JavaThread "C1 CompilerThread0" daemon [_thread_blocked, id=3875, stack(0x00007f6c1b394000,0x00007f6c1b495000)]
  0x00007f6c3412e5d0 JavaThread "Sweeper thread" daemon [_thread_blocked, id=3876, stack(0x00007f6c1b293000,0x00007f6c1b394000)]
  0x00007f6c3419b440 JavaThread "Common-Cleaner" daemon [_thread_blocked, id=3878, stack(0x00007f6c1b192000,0x00007f6c1b293000)]
  0x00007f6c341e7420 JavaThread "Notification Thread" daemon [_thread_blocked, id=3881, stack(0x00007f6c1b091000,0x00007f6c1b192000)]
  0x00007f6c343b19c0 JavaThread "Active Thread: Equinox Container: b13e6089-d349-4f67-ac4c-c3ce3e6f41a2" [_thread_blocked, id=3893, stack(0x00007f6c1aa65000,0x00007f6c1ab66000)]
  0x00007f6c34414d30 JavaThread "Framework Event Dispatcher: Equinox Container: b13e6089-d349-4f67-ac4c-c3ce3e6f41a2" daemon [_thread_blocked, id=3896, stack(0x00007f6c1a964000,0x00007f6c1aa65000)]
  0x00007f6c344177f0 JavaThread "Start Level: Equinox Container: b13e6089-d349-4f67-ac4c-c3ce3e6f41a2" daemon [_thread_blocked, id=3897, stack(0x00007f6c1a863000,0x00007f6c1a964000)]
  0x000055f757255230 JavaThread "SCR Component Actor" daemon [_thread_blocked, id=3899, stack(0x00007f6c19cee000,0x00007f6c19def000)]
  0x000055f757430cf0 JavaThread "Worker-JM" [_thread_blocked, id=3922, stack(0x00007f6c19aec000,0x00007f6c19bed000)]
  0x000055f757573750 JavaThread "Worker-0" [_thread_blocked, id=3936, stack(0x00007f6c199eb000,0x00007f6c19aec000)]
  0x00007f6c10002650 JavaThread "Worker-1" [_thread_blocked, id=3938, stack(0x00007f6c19bed000,0x00007f6c19cee000)]
  0x00007f6c10007820 JavaThread "Worker-2" [_thread_blocked, id=3939, stack(0x00007f6c198ea000,0x00007f6c199eb000)]
  0x000055f75781e4e0 JavaThread "Java indexing" daemon [_thread_blocked, id=3949, stack(0x00007f6c18eff000,0x00007f6c19000000)]
  0x00007f6c3449cad0 JavaThread "pool-3-thread-1" [_thread_blocked, id=3960, stack(0x00007f6c182ff000,0x00007f6c18400000)]
  0x00007f6c34548970 JavaThread "pool-2-thread-1" [_thread_blocked, id=3967, stack(0x00007f6c181fe000,0x00007f6c182ff000)]
  0x00007f6c140054f0 JavaThread "Worker-3" [_thread_blocked, id=3970, stack(0x00007f6c180fd000,0x00007f6c181fe000)]
  0x00007f6bfc208ae0 JavaThread "Worker-4" [_thread_blocked, id=3971, stack(0x00007f6c036ff000,0x00007f6c03800000)]
  0x00007f6bfc734970 JavaThread "Worker-5: Java indexing... " [_thread_blocked, id=3974, stack(0x00007f6c035fe000,0x00007f6c036ff000)]
  0x00007f6c081d2da0 JavaThread "Bundle File Closer" daemon [_thread_blocked, id=3999, stack(0x00007f6c034fd000,0x00007f6c035fe000)]
  0x00007f6c14020d30 JavaThread "Worker-6" [_thread_blocked, id=4016, stack(0x00007f6c02aff000,0x00007f6c02c00000)]
  0x00007f6c04012a70 JavaThread "Attach Listener" daemon [_thread_blocked, id=4127, stack(0x00007f6c029fe000,0x00007f6c02aff000)]

Other Threads:
=>0x00007f6c340ed560 VMThread "VM Thread" [stack: 0x00007f6c1bf00000,0x00007f6c1c000000] [id=3868]
  0x00007f6c34070110 WatcherThread [stack: 0x00007f6c1af91000,0x00007f6c1b091000] [id=3882]
  0x00007f6c3403cac0 GCTaskThread "GC Thread#0" [stack: 0x00007f6c391fe000,0x00007f6c392fe000] [id=3857]

Threads with active compile tasks:

VM state: at safepoint (normal execution)

VM Mutex/Monitor currently owned by a thread:  ([mutex/lock_event])
[0x00007f6c34020940] ExpandHeap_lock - owner thread: 0x00007f6c340ed560
[0x00007f6c34021040] Threads_lock - owner thread: 0x00007f6c340ed560
[0x00007f6c340217f0] Heap_lock - owner thread: 0x000055f75781e4e0

Heap address: 0x00000000c0000000, size: 1024 MB, Compressed Oops mode: 32-bit

CDS archive(s) not mapped
Compressed class space mapped at: 0x0000000100000000-0x0000000140000000, reserved size: 1073741824
Narrow klass base: 0x0000000000000000, Narrow klass shift: 3, Narrow klass range: 0x140000000

GC Precious Log:
 CPUs: 1 total, 1 available
 Memory: 1993M
 Large Page Support: Disabled
 NUMA Support: Disabled
 Compressed Oops: Enabled (32-bit)
 Alignments: Space 512K, Generation 512K, Heap 2M
 Heap Min Capacity: 100M
 Heap Initial Capacity: 100M
 Heap Max Capacity: 1G
 Pre-touch: Disabled
 Parallel Workers: 1

Heap:
 PSYoungGen      total 300544K, used 0K [0x00000000eab00000, 0x0000000100000000, 0x0000000100000000)
  eden space 192000K, 0% used [0x00000000eab00000,0x00000000eab00000,0x00000000f6680000)
  from space 108544K, 0% used [0x00000000f9600000,0x00000000f9600000,0x0000000100000000)
  to   space 37376K, 0% used [0x00000000f6680000,0x00000000f6680000,0x00000000f8b00000)
 ParOldGen       total 387072K, used 374416K [0x00000000c0000000, 0x00000000d7a00000, 0x00000000eab00000)
  object space 387072K, 96% used [0x00000000c0000000,0x00000000d6da4100,0x00000000d7a00000)
 Metaspace       used 66656K, committed 67648K, reserved 1114112K
  class space    used 7013K, committed 7424K, reserved 1048576K

Card table byte_map: [0x00007f6c392fe000,0x00007f6c394ff000] _byte_map_base: 0x00007f6c38cfe000

Marking Bits: (ParMarkBitMap*) 0x00007f6c3bf044a0
 Begin Bits: [0x00007f6c20400000, 0x00007f6c21400000)
 End Bits:   [0x00007f6c21400000, 0x00007f6c22400000)

Polling page: 0x00007f6c3cd90000

Metaspace:

Usage:
  Non-class:     58.25 MB used.
      Class:      6.85 MB used.
       Both:     65.09 MB used.

Virtual space:
  Non-class space:       64.00 MB reserved,      58.81 MB ( 92%) committed,  8 nodes.
      Class space:        1.00 GB reserved,       7.25 MB ( <1%) committed,  1 nodes.
             Both:        1.06 GB reserved,      66.06 MB (  6%) committed. 

Chunk freelists:
   Non-Class:  656.00 KB
       Class:  713.00 KB
        Both:  1.34 MB

MaxMetaspaceSize: unlimited
CompressedClassSpaceSize: 1.00 GB
Initial GC threshold: 21.00 MB
Current GC threshold: 108.75 MB
CDS: off
MetaspaceReclaimPolicy: balanced
 - commit_granule_bytes: 65536.
 - commit_granule_words: 8192.
 - virtual_space_node_default_size: 1048576.
 - enlarge_chunks_in_place: 1.
 - new_chunks_are_fully_committed: 0.
 - uncommit_free_chunks: 1.
 - use_allocation_guard: 0.
 - handle_deallocations: 1.


Internal statistics:

num_allocs_failed_limit: 6.
num_arena_births: 504.
num_arena_deaths: 0.
num_vsnodes_births: 9.
num_vsnodes_deaths: 0.
num_space_committed: 1057.
num_space_uncommitted: 0.
num_chunks_returned_to_freelist: 6.
num_chunks_taken_from_freelist: 3203.
num_chunk_merges: 6.
num_chunk_splits: 1999.
num_chunks_enlarged: 1155.
num_purges: 0.
num_inconsistent_stats: 0.

CodeHeap 'non-profiled nmethods': size=120036Kb used=3014Kb max_used=3014Kb free=117021Kb
 bounds [0x00007f6c29ec7000, 0x00007f6c2a1c7000, 0x00007f6c31400000]
CodeHeap 'profiled nmethods': size=120032Kb used=15323Kb max_used=15323Kb free=104708Kb
 bounds [0x00007f6c2298f000, 0x00007f6c2388f000, 0x00007f6c29ec7000]
CodeHeap 'non-nmethods': size=5692Kb used=1328Kb max_used=1377Kb free=4363Kb
 bounds [0x00007f6c22400000, 0x00007f6c22670000, 0x00007f6c2298f000]
 total_blobs=8738 nmethods=8062 adapters=591
 compilation: enabled
              stopped_count=0, restarted_count=0
 full_count=0

Compilation events (20 events):
Event: 183.337 Thread 0x00007f6c3412d190 nmethod 9410 0x00007f6c23882590 code [0x00007f6c23882860, 0x00007f6c23883360]
Event: 184.930 Thread 0x00007f6c3412bce0 nmethod 9165 0x00007f6c2a1a5310 code [0x00007f6c2a1a59c0, 0x00007f6c2a1ad250]
Event: 184.944 Thread 0x00007f6c3412bce0 9250       4       org.eclipse.jdt.internal.compiler.util.SimpleLookupTable::get (59 bytes)
Event: 184.960 Thread 0x00007f6c3412d190 9411       2       sun.util.locale.LocaleUtils::isAlphaNumericString (33 bytes)
Event: 184.961 Thread 0x00007f6c3412d190 nmethod 9411 0x00007f6c23883b10 code [0x00007f6c23883ce0, 0x00007f6c238840d0]
Event: 185.102 Thread 0x00007f6c3412bce0 nmethod 9250 0x00007f6c2a1b3190 code [0x00007f6c2a1b3340, 0x00007f6c2a1b3858]
Event: 185.122 Thread 0x00007f6c3412bce0 9304 %     4       org.eclipse.jdt.internal.core.index.DiskIndex::copyQueryResults @ 21 (218 bytes)
Event: 185.689 Thread 0x00007f6c3412bce0 nmethod 9304% 0x00007f6c2a1b3c10 code [0x00007f6c2a1b3e80, 0x00007f6c2a1b53a8]
Event: 185.689 Thread 0x00007f6c3412bce0 9149       4       org.eclipse.jdt.internal.core.ClasspathAttribute::hashCode (18 bytes)
Event: 185.788 Thread 0x00007f6c3412bce0 nmethod 9149 0x00007f6c2a1b6090 code [0x00007f6c2a1b6220, 0x00007f6c2a1b6578]
Event: 185.788 Thread 0x00007f6c3412bce0 9412       4       org.eclipse.jdt.internal.core.index.DiskIndex::copyQueryResults (218 bytes)
Event: 186.220 Thread 0x00007f6c3412bce0 nmethod 9412 0x00007f6c2a1b6790 code [0x00007f6c2a1b6a00, 0x00007f6c2a1b7e48]
Event: 186.296 Thread 0x00007f6c3412d190 9413       3       org.eclipse.jdt.internal.core.util.Messages::bind (17 bytes)
Event: 186.297 Thread 0x00007f6c3412d190 nmethod 9413 0x00007f6c23884390 code [0x00007f6c23884580, 0x00007f6c23884af0]
Event: 186.797 Thread 0x00007f6c3412d190 9416  s    3       java.lang.StringBuffer::append (13 bytes)
Event: 186.797 Thread 0x00007f6c3412d190 nmethod 9416 0x00007f6c23884d10 code [0x00007f6c23884ec0, 0x00007f6c238850c0]
Event: 186.797 Thread 0x00007f6c3412d190 9414       3       java.lang.StringBuffer::append (6 bytes)
Event: 186.798 Thread 0x00007f6c3412d190 nmethod 9414 0x00007f6c23885190 code [0x00007f6c23885340, 0x00007f6c238855c0]
Event: 186.798 Thread 0x00007f6c3412d190 9415       3       org.eclipse.jdt.internal.core.search.indexing.AddJrtToIndex::getJobFamily (22 bytes)
Event: 186.920 Thread 0x00007f6c3412d190 nmethod 9415 0x00007f6c23885710 code [0x00007f6c238858e0, 0x00007f6c23885bb0]

GC Heap History (20 events):
Event: 111.935 GC heap after
{Heap after GC invocations=32 (full 4):
 PSYoungGen      total 116224K, used 15304K [0x00000000eab00000, 0x00000000f3800000, 0x0000000100000000)
  eden space 100864K, 0% used [0x00000000eab00000,0x00000000eab00000,0x00000000f0d80000)
  from space 15360K, 99% used [0x00000000f2900000,0x00000000f37f2110,0x00000000f3800000)
  to   space 19456K, 0% used [0x00000000f1200000,0x00000000f1200000,0x00000000f2500000)
 ParOldGen       total 182272K, used 140682K [0x00000000c0000000, 0x00000000cb200000, 0x00000000eab00000)
  object space 182272K, 77% used [0x00000000c0000000,0x00000000c8962a10,0x00000000cb200000)
 Metaspace       used 55803K, committed 56768K, reserved 1105920K
  class space    used 6052K, committed 6464K, reserved 1048576K
}
Event: 117.449 GC heap before
{Heap before GC invocations=33 (full 4):
 PSYoungGen      total 116224K, used 116168K [0x00000000eab00000, 0x00000000f3800000, 0x0000000100000000)
  eden space 100864K, 100% used [0x00000000eab00000,0x00000000f0d80000,0x00000000f0d80000)
  from space 15360K, 99% used [0x00000000f2900000,0x00000000f37f2110,0x00000000f3800000)
  to   space 19456K, 0% used [0x00000000f1200000,0x00000000f1200000,0x00000000f2500000)
 ParOldGen       total 182272K, used 140682K [0x00000000c0000000, 0x00000000cb200000, 0x00000000eab00000)
  object space 182272K, 77% used [0x00000000c0000000,0x00000000c8962a10,0x00000000cb200000)
 Metaspace       used 59771K, committed 60736K, reserved 1105920K
  class space    used 6421K, committed 6848K, reserved 1048576K
}
Event: 119.242 GC heap after
{Heap after GC invocations=33 (full 4):
 PSYoungGen      total 124928K, used 16075K [0x00000000eab00000, 0x00000000f4100000, 0x0000000100000000)
  eden space 105472K, 0% used [0x00000000eab00000,0x00000000eab00000,0x00000000f1200000)
  from space 19456K, 82% used [0x00000000f1200000,0x00000000f21b2e80,0x00000000f2500000)
  to   space 16896K, 0% used [0x00000000f3080000,0x00000000f3080000,0x00000000f4100000)
 ParOldGen       total 182272K, used 155806K [0x00000000c0000000, 0x00000000cb200000, 0x00000000eab00000)
  object space 182272K, 85% used [0x00000000c0000000,0x00000000c98279d0,0x00000000cb200000)
 Metaspace       used 59771K, committed 60736K, reserved 1105920K
  class space    used 6421K, committed 6848K, reserved 1048576K
}
Event: 124.341 GC heap before
{Heap before GC invocations=34 (full 4):
 PSYoungGen      total 124928K, used 121547K [0x00000000eab00000, 0x00000000f4100000, 0x0000000100000000)
  eden space 105472K, 100% used [0x00000000eab00000,0x00000000f1200000,0x00000000f1200000)
  from space 19456K, 82% used [0x00000000f1200000,0x00000000f21b2e80,0x00000000f2500000)
  to   space 16896K, 0% used [0x00000000f3080000,0x00000000f3080000,0x00000000f4100000)
 ParOldGen       total 182272K, used 155806K [0x00000000c0000000, 0x00000000cb200000, 0x00000000eab00000)
  object space 182272K, 85% used [0x00000000c0000000,0x00000000c98279d0,0x00000000cb200000)
 Metaspace       used 62208K, committed 63168K, reserved 1105920K
  class space    used 6630K, committed 7040K, reserved 1048576K
}
Event: 126.348 GC heap after
{Heap after GC invocations=34 (full 4):
 PSYoungGen      total 137728K, used 14933K [0x00000000eab00000, 0x00000000f4480000, 0x0000000100000000)
  eden space 120832K, 0% used [0x00000000eab00000,0x00000000eab00000,0x00000000f2100000)
  from space 16896K, 88% used [0x00000000f3080000,0x00000000f3f154c0,0x00000000f4100000)
  to   space 15872K, 0% used [0x00000000f2100000,0x00000000f2100000,0x00000000f3080000)
 ParOldGen       total 182272K, used 171466K [0x00000000c0000000, 0x00000000cb200000, 0x00000000eab00000)
  object space 182272K, 94% used [0x00000000c0000000,0x00000000ca772b88,0x00000000cb200000)
 Metaspace       used 62208K, committed 63168K, reserved 1105920K
  class space    used 6630K, committed 7040K, reserved 1048576K
}
Event: 126.348 GC heap before
{Heap before GC invocations=35 (full 5):
 PSYoungGen      total 137728K, used 14933K [0x00000000eab00000, 0x00000000f4480000, 0x0000000100000000)
  eden space 120832K, 0% used [0x00000000eab00000,0x00000000eab00000,0x00000000f2100000)
  from space 16896K, 88% used [0x00000000f3080000,0x00000000f3f154c0,0x00000000f4100000)
  to   space 15872K, 0% used [0x00000000f2100000,0x00000000f2100000,0x00000000f3080000)
 ParOldGen       total 182272K, used 171466K [0x00000000c0000000, 0x00000000cb200000, 0x00000000eab00000)
  object space 182272K, 94% used [0x00000000c0000000,0x00000000ca772b88,0x00000000cb200000)
 Metaspace       used 62208K, committed 63168K, reserved 1105920K
  class space    used 6630K, committed 7040K, reserved 1048576K
}
Event: 133.179 GC heap after
{Heap after GC invocations=35 (full 5):
 PSYoungGen      total 136704K, used 0K [0x00000000eab00000, 0x00000000f5580000, 0x0000000100000000)
  eden space 120832K, 0% used [0x00000000eab00000,0x00000000eab00000,0x00000000f2100000)
  from space 15872K, 0% used [0x00000000f2100000,0x00000000f2100000,0x00000000f3080000)
  to   space 15872K, 0% used [0x00000000f4600000,0x00000000f4600000,0x00000000f5580000)
 ParOldGen       total 260096K, used 178999K [0x00000000c0000000, 0x00000000cfe00000, 0x00000000eab00000)
  object space 260096K, 68% used [0x00000000c0000000,0x00000000caecdc10,0x00000000cfe00000)
 Metaspace       used 62208K, committed 63168K, reserved 1105920K
  class space    used 6630K, committed 7040K, reserved 1048576K
}
Event: 137.866 GC heap before
{Heap before GC invocations=36 (full 5):
 PSYoungGen      total 136704K, used 116415K [0x00000000eab00000, 0x00000000f5580000, 0x0000000100000000)
  eden space 120832K, 96% used [0x00000000eab00000,0x00000000f1cafc10,0x00000000f2100000)
  from space 15872K, 0% used [0x00000000f2100000,0x00000000f2100000,0x00000000f3080000)
  to   space 15872K, 0% used [0x00000000f4600000,0x00000000f4600000,0x00000000f5580000)
 ParOldGen       total 260096K, used 178999K [0x00000000c0000000, 0x00000000cfe00000, 0x00000000eab00000)
  object space 260096K, 68% used [0x00000000c0000000,0x00000000caecdc10,0x00000000cfe00000)
 Metaspace       used 65206K, committed 66240K, reserved 1114112K
  class space    used 6953K, committed 7360K, reserved 1048576K
}
Event: 138.816 GC heap after
{Heap after GC invocations=36 (full 5):
 PSYoungGen      total 156672K, used 14946K [0x00000000eab00000, 0x00000000f5500000, 0x0000000100000000)
  eden space 141312K, 0% used [0x00000000eab00000,0x00000000eab00000,0x00000000f3500000)
  from space 15360K, 97% used [0x00000000f4600000,0x00000000f54989f0,0x00000000f5500000)
  to   space 15360K, 0% used [0x00000000f3700000,0x00000000f3700000,0x00000000f4600000)
 ParOldGen       total 260096K, used 190008K [0x00000000c0000000, 0x00000000cfe00000, 0x00000000eab00000)
  object space 260096K, 73% used [0x00000000c0000000,0x00000000cb98e1b0,0x00000000cfe00000)
 Metaspace       used 65206K, committed 66240K, reserved 1114112K
  class space    used 6953K, committed 7360K, reserved 1048576K
}
Event: 141.943 GC heap before
{Heap before GC invocations=37 (full 5):
 PSYoungGen      total 156672K, used 156258K [0x00000000eab00000, 0x00000000f5500000, 0x0000000100000000)
  eden space 141312K, 100% used [0x00000000eab00000,0x00000000f3500000,0x00000000f3500000)
  from space 15360K, 97% used [0x00000000f4600000,0x00000000f54989f0,0x00000000f5500000)
  to   space 15360K, 0% used [0x00000000f3700000,0x00000000f3700000,0x00000000f4600000)
 ParOldGen       total 260096K, used 190008K [0x00000000c0000000, 0x00000000cfe00000, 0x00000000eab00000)
  object space 260096K, 73% used [0x00000000c0000000,0x00000000cb98e1b0,0x00000000cfe00000)
 Metaspace       used 65761K, committed 66816K, reserved 1114112K
  class space    used 7005K, committed 7424K, reserved 1048576K
}
Event: 143.599 GC heap after
{Heap after GC invocations=37 (full 5):
 PSYoungGen      total 158720K, used 15360K [0x00000000eab00000, 0x00000000fe300000, 0x0000000100000000)
  eden space 143360K, 0% used [0x00000000eab00000,0x00000000eab00000,0x00000000f3700000)
  from space 15360K, 100% used [0x00000000f3700000,0x00000000f4600000,0x00000000f4600000)
  to   space 76288K, 0% used [0x00000000f9880000,0x00000000f9880000,0x00000000fe300000)
 ParOldGen       total 260096K, used 241587K [0x00000000c0000000, 0x00000000cfe00000, 0x00000000eab00000)
  object space 260096K, 92% used [0x00000000c0000000,0x00000000cebecc18,0x00000000cfe00000)
 Metaspace       used 65761K, committed 66816K, reserved 1114112K
  class space    used 7005K, committed 7424K, reserved 1048576K
}
Event: 143.599 GC heap before
{Heap before GC invocations=38 (full 6):
 PSYoungGen      total 158720K, used 15360K [0x00000000eab00000, 0x00000000fe300000, 0x0000000100000000)
  eden space 143360K, 0% used [0x00000000eab00000,0x00000000eab00000,0x00000000f3700000)
  from space 15360K, 100% used [0x00000000f3700000,0x00000000f4600000,0x00000000f4600000)
  to   space 76288K, 0% used [0x00000000f9880000,0x00000000f9880000,0x00000000fe300000)
 ParOldGen       total 260096K, used 241587K [0x00000000c0000000, 0x00000000cfe00000, 0x00000000eab00000)
  object space 260096K, 92% used [0x00000000c0000000,0x00000000cebecc18,0x00000000cfe00000)
 Metaspace       used 65761K, committed 66816K, reserved 1114112K
  class space    used 7005K, committed 7424K, reserved 1048576K
}
Event: 148.408 GC heap after
{Heap after GC invocations=38 (full 6):
 PSYoungGen      total 235008K, used 0K [0x00000000eab00000, 0x00000000fdf00000, 0x0000000100000000)
  eden space 162816K, 0% used [0x00000000eab00000,0x00000000eab00000,0x00000000f4a00000)
  from space 72192K, 0% used [0x00000000f9880000,0x00000000f9880000,0x00000000fdf00000)
  to   space 76288K, 0% used [0x00000000f4a00000,0x00000000f4a00000,0x00000000f9480000)
 ParOldGen       total 387072K, used 244853K [0x00000000c0000000, 0x00000000d7a00000, 0x00000000eab00000)
  object space 387072K, 63% used [0x00000000c0000000,0x00000000cef1d470,0x00000000d7a00000)
 Metaspace       used 65761K, committed 66816K, reserved 1114112K
  class space    used 7005K, committed 7424K, reserved 1048576K
}
Event: 154.116 GC heap before
{Heap before GC invocations=39 (full 6):
 PSYoungGen      total 235008K, used 162816K [0x00000000eab00000, 0x00000000fdf00000, 0x0000000100000000)
  eden space 162816K, 100% used [0x00000000eab00000,0x00000000f4a00000,0x00000000f4a00000)
  from space 72192K, 0% used [0x00000000f9880000,0x00000000f9880000,0x00000000fdf00000)
  to   space 76288K, 0% used [0x00000000f4a00000,0x00000000f4a00000,0x00000000f9480000)
 ParOldGen       total 387072K, used 244853K [0x00000000c0000000, 0x00000000d7a00000, 0x00000000eab00000)
  object space 387072K, 63% used [0x00000000c0000000,0x00000000cef1d470,0x00000000d7a00000)
 Metaspace       used 65779K, committed 66816K, reserved 1114112K
  class space    used 7005K, committed 7424K, reserved 1048576K
}
Event: 156.178 GC heap after
{Heap after GC invocations=39 (full 6):
 PSYoungGen      total 199680K, used 36806K [0x00000000eab00000, 0x00000000fbc00000, 0x0000000100000000)
  eden space 162816K, 0% used [0x00000000eab00000,0x00000000eab00000,0x00000000f4a00000)
  from space 36864K, 99% used [0x00000000f4a00000,0x00000000f6df1848,0x00000000f6e00000)
  to   space 47616K, 0% used [0x00000000f8d80000,0x00000000f8d80000,0x00000000fbc00000)
 ParOldGen       total 387072K, used 244853K [0x00000000c0000000, 0x00000000d7a00000, 0x00000000eab00000)
  object space 387072K, 63% used [0x00000000c0000000,0x00000000cef1d470,0x00000000d7a00000)
 Metaspace       used 65779K, committed 66816K, reserved 1114112K
  class space    used 7005K, committed 7424K, reserved 1048576K
}
Event: 165.009 GC heap before
{Heap before GC invocations=40 (full 6):
 PSYoungGen      total 199680K, used 199622K [0x00000000eab00000, 0x00000000fbc00000, 0x0000000100000000)
  eden space 162816K, 100% used [0x00000000eab00000,0x00000000f4a00000,0x00000000f4a00000)
  from space 36864K, 99% used [0x00000000f4a00000,0x00000000f6df1848,0x00000000f6e00000)
  to   space 47616K, 0% used [0x00000000f8d80000,0x00000000f8d80000,0x00000000fbc00000)
 ParOldGen       total 387072K, used 244853K [0x00000000c0000000, 0x00000000d7a00000, 0x00000000eab00000)
  object space 387072K, 63% used [0x00000000c0000000,0x00000000cef1d470,0x00000000d7a00000)
 Metaspace       used 66212K, committed 67200K, reserved 1114112K
  class space    used 7009K, committed 7424K, reserved 1048576K
}
Event: 166.620 GC heap after
{Heap after GC invocations=40 (full 6):
 PSYoungGen      total 218624K, used 34503K [0x00000000eab00000, 0x00000000faf80000, 0x0000000100000000)
  eden space 183808K, 0% used [0x00000000eab00000,0x00000000eab00000,0x00000000f5e80000)
  from space 34816K, 99% used [0x00000000f8d80000,0x00000000faf31d18,0x00000000faf80000)
  to   space 37376K, 0% used [0x00000000f6680000,0x00000000f6680000,0x00000000f8b00000)
 ParOldGen       total 387072K, used 281595K [0x00000000c0000000, 0x00000000d7a00000, 0x00000000eab00000)
  object space 387072K, 72% used [0x00000000c0000000,0x00000000d12fee60,0x00000000d7a00000)
 Metaspace       used 66212K, committed 67200K, reserved 1114112K
  class space    used 7009K, committed 7424K, reserved 1048576K
}
Event: 197.326 GC heap before
{Heap before GC invocations=41 (full 6):
 PSYoungGen      total 218624K, used 218188K [0x00000000eab00000, 0x00000000faf80000, 0x0000000100000000)
  eden space 183808K, 99% used [0x00000000eab00000,0x00000000f5e61670,0x00000000f5e80000)
  from space 34816K, 99% used [0x00000000f8d80000,0x00000000faf31d18,0x00000000faf80000)
  to   space 37376K, 0% used [0x00000000f6680000,0x00000000f6680000,0x00000000f8b00000)
 ParOldGen       total 387072K, used 281595K [0x00000000c0000000, 0x00000000d7a00000, 0x00000000eab00000)
  object space 387072K, 72% used [0x00000000c0000000,0x00000000d12fee60,0x00000000d7a00000)
 Metaspace       used 66656K, committed 67648K, reserved 1114112K
  class space    used 7013K, committed 7424K, reserved 1048576K
}
Event: 202.133 GC heap after
{Heap after GC invocations=41 (full 6):
 PSYoungGen      total 229376K, used 37365K [0x00000000eab00000, 0x0000000100000000, 0x0000000100000000)
  eden space 192000K, 0% used [0x00000000eab00000,0x00000000eab00000,0x00000000f6680000)
  from space 37376K, 99% used [0x00000000f6680000,0x00000000f8afd418,0x00000000f8b00000)
  to   space 108544K, 0% used [0x00000000f9600000,0x00000000f9600000,0x0000000100000000)
 ParOldGen       total 387072K, used 341710K [0x00000000c0000000, 0x00000000d7a00000, 0x00000000eab00000)
  object space 387072K, 88% used [0x00000000c0000000,0x00000000d4db3af8,0x00000000d7a00000)
 Metaspace       used 66656K, committed 67648K, reserved 1114112K
  class space    used 7013K, committed 7424K, reserved 1048576K
}
Event: 202.133 GC heap before
{Heap before GC invocations=42 (full 7):
 PSYoungGen      total 229376K, used 37365K [0x00000000eab00000, 0x0000000100000000, 0x0000000100000000)
  eden space 192000K, 0% used [0x00000000eab00000,0x00000000eab00000,0x00000000f6680000)
  from space 37376K, 99% used [0x00000000f6680000,0x00000000f8afd418,0x00000000f8b00000)
  to   space 108544K, 0% used [0x00000000f9600000,0x00000000f9600000,0x0000000100000000)
 ParOldGen       total 387072K, used 341710K [0x00000000c0000000, 0x00000000d7a00000, 0x00000000eab00000)
  object space 387072K, 88% used [0x00000000c0000000,0x00000000d4db3af8,0x00000000d7a00000)
 Metaspace       used 66656K, committed 67648K, reserved 1114112K
  class space    used 7013K, committed 7424K, reserved 1048576K
}

Deoptimization events (20 events):
Event: 185.715 Thread 0x000055f75781e4e0 DEOPT PACKING pc=0x00007f6c237af0bd sp=0x00007f6c18ffe5a0
Event: 185.715 Thread 0x000055f75781e4e0 DEOPT UNPACKING pc=0x00007f6c22452510 sp=0x00007f6c18ffda90 mode 0
Event: 185.780 Thread 0x000055f75781e4e0 DEOPT PACKING pc=0x00007f6c237af0bd sp=0x00007f6c18ffe5a0
Event: 185.780 Thread 0x000055f75781e4e0 DEOPT UNPACKING pc=0x00007f6c22452510 sp=0x00007f6c18ffda90 mode 0
Event: 185.836 Thread 0x000055f75781e4e0 DEOPT PACKING pc=0x00007f6c237af0bd sp=0x00007f6c18ffe5a0
Event: 185.836 Thread 0x000055f75781e4e0 DEOPT UNPACKING pc=0x00007f6c22452510 sp=0x00007f6c18ffda90 mode 0
Event: 185.857 Thread 0x000055f75781e4e0 DEOPT PACKING pc=0x00007f6c237af0bd sp=0x00007f6c18ffe5a0
Event: 185.857 Thread 0x000055f75781e4e0 DEOPT UNPACKING pc=0x00007f6c22452510 sp=0x00007f6c18ffda90 mode 0
Event: 185.895 Thread 0x000055f75781e4e0 DEOPT PACKING pc=0x00007f6c237af0bd sp=0x00007f6c18ffe5a0
Event: 185.895 Thread 0x000055f75781e4e0 DEOPT UNPACKING pc=0x00007f6c22452510 sp=0x00007f6c18ffda90 mode 0
Event: 185.950 Thread 0x000055f75781e4e0 DEOPT PACKING pc=0x00007f6c237af0bd sp=0x00007f6c18ffe5a0
Event: 185.951 Thread 0x000055f75781e4e0 DEOPT UNPACKING pc=0x00007f6c22452510 sp=0x00007f6c18ffda90 mode 0
Event: 185.999 Thread 0x000055f75781e4e0 DEOPT PACKING pc=0x00007f6c237af0bd sp=0x00007f6c18ffe5a0
Event: 185.999 Thread 0x000055f75781e4e0 DEOPT UNPACKING pc=0x00007f6c22452510 sp=0x00007f6c18ffda90 mode 0
Event: 186.052 Thread 0x000055f75781e4e0 DEOPT PACKING pc=0x00007f6c237af0bd sp=0x00007f6c18ffe5a0
Event: 186.052 Thread 0x000055f75781e4e0 DEOPT UNPACKING pc=0x00007f6c22452510 sp=0x00007f6c18ffda90 mode 0
Event: 186.112 Thread 0x000055f75781e4e0 DEOPT PACKING pc=0x00007f6c237af0bd sp=0x00007f6c18ffe5a0
Event: 186.112 Thread 0x000055f75781e4e0 DEOPT UNPACKING pc=0x00007f6c22452510 sp=0x00007f6c18ffda90 mode 0
Event: 186.189 Thread 0x000055f75781e4e0 DEOPT PACKING pc=0x00007f6c237af04c sp=0x00007f6c18ffe5a0
Event: 186.189 Thread 0x000055f75781e4e0 DEOPT UNPACKING pc=0x00007f6c22452510 sp=0x00007f6c18ffda90 mode 0

Classes unloaded (0 events):
No events

Classes redefined (0 events):
No events

Internal exceptions (20 events):
Event: 123.016 Thread 0x000055f757573750 Exception <a 'sun/nio/fs/UnixException'{0x00000000ef1b13c0}> (0x00000000ef1b13c0) 
thrown [src/hotspot/share/prims/jni.cpp, line 516]
Event: 123.020 Thread 0x000055f757573750 Exception <a 'sun/nio/fs/UnixException'{0x00000000ef1b5cc8}> (0x00000000ef1b5cc8) 
thrown [src/hotspot/share/prims/jni.cpp, line 516]
Event: 123.192 Thread 0x000055f757573750 Exception <a 'sun/nio/fs/UnixException'{0x00000000ef1b9aa8}> (0x00000000ef1b9aa8) 
thrown [src/hotspot/share/prims/jni.cpp, line 516]
Event: 123.296 Thread 0x000055f757573750 Exception <a 'sun/nio/fs/UnixException'{0x00000000efacd078}> (0x00000000efacd078) 
thrown [src/hotspot/share/prims/jni.cpp, line 516]
Event: 123.297 Thread 0x000055f757573750 Exception <a 'sun/nio/fs/UnixException'{0x00000000efacf9d0}> (0x00000000efacf9d0) 
thrown [src/hotspot/share/prims/jni.cpp, line 516]
Event: 123.303 Thread 0x000055f757573750 Exception <a 'sun/nio/fs/UnixException'{0x00000000efad2410}> (0x00000000efad2410) 
thrown [src/hotspot/share/prims/jni.cpp, line 516]
Event: 123.303 Thread 0x000055f757573750 Exception <a 'sun/nio/fs/UnixException'{0x00000000efad4fd8}> (0x00000000efad4fd8) 
thrown [src/hotspot/share/prims/jni.cpp, line 516]
Event: 123.926 Thread 0x000055f757573750 Exception <a 'sun/nio/fs/UnixException'{0x00000000f0433230}> (0x00000000f0433230) 
thrown [src/hotspot/share/prims/jni.cpp, line 516]
Event: 123.961 Thread 0x000055f757573750 Exception <a 'java/lang/NoSuchMethodError'{0x00000000f0a83e60}: 'java.lang.Object java.lang.invoke.DirectMethodHandle$Holder.invokeSpecial(java.lang.Object, java.lang.Object, java.lang.Object, int, java.lang.Object, java.lang.Object)'> (0x00000000f0a83e60) 
thrown [src/hotspot/share/interpreter/linkResolver.cpp, line 766]
Event: 124.023 Thread 0x000055f757573750 Exception <a 'java/lang/NoSuchMethodError'{0x00000000f0ab9060}: 'java.lang.Object java.lang.invoke.DirectMethodHandle$Holder.newInvokeSpecial(java.lang.Object, java.lang.Object, java.lang.Object, int, java.lang.Object)'> (0x00000000f0ab9060) 
thrown [src/hotspot/share/interpreter/linkResolver.cpp, line 766]
Event: 124.024 Thread 0x000055f757573750 Exception <a 'java/lang/NoSuchMethodError'{0x00000000f0abd210}: 'java.lang.Object java.lang.invoke.DirectMethodHandle$Holder.invokeSpecial(java.lang.Object, java.lang.Object, java.lang.Object, java.lang.Object, int, java.lang.Object)'> (0x00000000f0abd210) 
thrown [src/hotspot/share/interpreter/linkResolver.cpp, line 766]
Event: 124.038 Thread 0x000055f757573750 Exception <a 'java/lang/NoSuchMethodError'{0x00000000f0ac0cf8}: 'java.lang.Object java.lang.invoke.Invokers$Holder.linkToTargetMethod(java.lang.Object, java.lang.Object, int, java.lang.Object, java.lang.Object)'> (0x00000000f0ac0cf8) 
thrown [src/hotspot/share/interpreter/linkResolver.cpp, line 766]
Event: 138.951 Thread 0x000055f758054460 Implicit null exception at 0x00007f6c2a0fd055 to 0x00007f6c2a0fd1b1
Event: 139.721 Thread 0x000055f758054460 Exception <a 'java/lang/NoSuchMethodError'{0x00000000edb23038}: 'int java.lang.invoke.DirectMethodHandle$Holder.invokeSpecialIFC(java.lang.Object, java.lang.Object, java.lang.Object, java.lang.Object)'> (0x00000000edb23038) 
thrown [src/hotspot/share/interpreter/linkResolver.cpp, line 766]
Event: 158.216 Thread 0x000055f757ac8d70 Implicit null exception at 0x00007f6c2a0a60ba to 0x00007f6c2a0a62f8
Event: 159.242 Thread 0x00007f6c10007820 Exception <a 'java/lang/NoSuchMethodError'{0x00000000ef4e1620}: 'java.lang.Object java.lang.invoke.DirectMethodHandle$Holder.invokeStatic(java.lang.Object, java.lang.Object, java.lang.Object, long)'> (0x00000000ef4e1620) 
thrown [src/hotspot/share/interpreter/linkResolver.cpp, line 766]
Event: 159.279 Thread 0x00007f6c10007820 Exception <a 'java/lang/NoSuchMethodError'{0x00000000ef91d670}: 'java.lang.Object java.lang.invoke.DirectMethodHandle$Holder.newInvokeSpecial(java.lang.Object, java.lang.Object, java.lang.Object, long)'> (0x00000000ef91d670) 
thrown [src/hotspot/share/interpreter/linkResolver.cpp, line 766]
Event: 159.280 Thread 0x00007f6c10007820 Exception <a 'java/lang/NoSuchMethodError'{0x00000000ef921788}: 'java.lang.Object java.lang.invoke.DirectMethodHandle$Holder.invokeSpecial(java.lang.Object, java.lang.Object, java.lang.Object, java.lang.Object, long)'> (0x00000000ef921788) 
thrown [src/hotspot/share/interpreter/linkResolver.cpp, line 766]
Event: 159.299 Thread 0x00007f6c10007820 Exception <a 'java/lang/NoSuchMethodError'{0x00000000ef925360}: 'java.lang.Object java.lang.invoke.Invokers$Holder.linkToTargetMethod(java.lang.Object, java.lang.Object, long, java.lang.Object)'> (0x00000000ef925360) 
thrown [src/hotspot/share/interpreter/linkResolver.cpp, line 766]
Event: 172.444 Thread 0x000055f75781e4e0 Implicit null exception at 0x00007f6c2a112b67 to 0x00007f6c2a1152b0

VM Operations (20 events):
Event: 169.658 Executing VM operation: Cleanup done
Event: 170.658 Executing VM operation: Cleanup
Event: 170.670 Executing VM operation: Cleanup done
Event: 171.670 Executing VM operation: Cleanup
Event: 171.672 Executing VM operation: Cleanup done
Event: 172.672 Executing VM operation: Cleanup
Event: 172.672 Executing VM operation: Cleanup done
Event: 175.672 Executing VM operation: Cleanup
Event: 175.703 Executing VM operation: Cleanup done
Event: 176.703 Executing VM operation: Cleanup
Event: 176.704 Executing VM operation: Cleanup done
Event: 177.705 Executing VM operation: Cleanup
Event: 177.729 Executing VM operation: Cleanup done
Event: 178.729 Executing VM operation: Cleanup
Event: 178.756 Executing VM operation: Cleanup done
Event: 183.757 Executing VM operation: Cleanup
Event: 183.787 Executing VM operation: Cleanup done
Event: 187.787 Executing VM operation: Cleanup
Event: 187.788 Executing VM operation: Cleanup done
Event: 197.298 Executing VM operation: ParallelGCFailedAllocation

Events (20 events):
Event: 170.737 Thread 0x000055f75851d5c0 Thread exited: 0x000055f75851d5c0
Event: 170.819 Thread 0x000055f757d7e960 Thread exited: 0x000055f757d7e960
Event: 174.660 Thread 0x000055f757f79c00 Thread added: 0x000055f757f79c00
Event: 174.661 Protecting memory [0x00007f6c019fa000,0x00007f6c019fe000] with protection modes 0
Event: 176.509 Thread 0x000055f757f79c00 Thread exited: 0x000055f757f79c00
Event: 176.769 Thread 0x000055f757f79c00 Thread added: 0x000055f757f79c00
Event: 176.769 Protecting memory [0x00007f6c019fa000,0x00007f6c019fe000] with protection modes 0
Event: 178.776 Thread 0x000055f757f79c00 Thread exited: 0x000055f757f79c00
Event: 182.238 Thread 0x000055f757f79c00 Thread added: 0x000055f757f79c00
Event: 182.241 Protecting memory [0x00007f6c019fa000,0x00007f6c019fe000] with protection modes 0
Event: 182.376 Thread 0x000055f757f79c00 Thread exited: 0x000055f757f79c00
Event: 183.318 Thread 0x000055f757f79c00 Thread added: 0x000055f757f79c00
Event: 183.322 Protecting memory [0x00007f6c019fa000,0x00007f6c019fe000] with protection modes 0
Event: 183.332 Thread 0x000055f758235790 Thread added: 0x000055f758235790
Event: 183.332 Thread 0x000055f757f79c00 Thread exited: 0x000055f757f79c00
Event: 183.332 Protecting memory [0x00007f6c01afb000,0x00007f6c01aff000] with protection modes 0
Event: 183.550 Thread 0x000055f758235790 Thread exited: 0x000055f758235790
Event: 184.979 Thread 0x000055f757e63e00 Thread added: 0x000055f757e63e00
Event: 184.982 Protecting memory [0x00007f6c01afb000,0x00007f6c01aff000] with protection modes 0
Event: 184.982 Thread 0x000055f757e63e00 Thread exited: 0x000055f757e63e00


Dynamic libraries:
c0000000-d7a00000 rw-p 00000000 00:00 0 
e0f80000-eab00000 ---p 00000000 00:00 0 
eab00000-100000000 rw-p 00000000 00:00 0 
100000000-100020000 rw-p 00000000 00:00 0 
100020000-100040000 rw-p 00000000 00:00 0 
100040000-100100000 rw-p 00000000 00:00 0 
100100000-100180000 rw-p 00000000 00:00 0 
100180000-100240000 rw-p 00000000 00:00 0 
100240000-100280000 rw-p 00000000 00:00 0 
100280000-100400000 rw-p 00000000 00:00 0 
100400000-1005c0000 rw-p 00000000 00:00 0 
1005c0000-1005f0000 rw-p 00000000 00:00 0 
1005f0000-100600000 ---p 00000000 00:00 0 
100600000-100750000 rw-p 00000000 00:00 0 
100750000-140000000 ---p 00000000 00:00 0 
55f756a96000-55f756a97000 r-xp 00000000 fd:00 527206                     /home/cloud/.vscode/extensions/redhat.java-1.4.0-linux-x64/jre/17.0.2-linux-x86_64/bin/java
55f756c97000-55f756c98000 r--p 00001000 fd:00 527206                     /home/cloud/.vscode/extensions/redhat.java-1.4.0-linux-x64/jre/17.0.2-linux-x86_64/bin/java
55f756c98000-55f756c99000 rw-p 00002000 fd:00 527206                     /home/cloud/.vscode/extensions/redhat.java-1.4.0-linux-x64/jre/17.0.2-linux-x86_64/bin/java
55f757117000-55f759004000 rw-p 00000000 00:00 0                          [heap]
7f6bf383d000-7f6bfc000000 r--s 00000000 fd:00 925351                     /usr/lib/jvm/java-11-openjdk-amd64/lib/modules
7f6bfc000000-7f6bfcd9d000 rw-p 00000000 00:00 0 
7f6bfcd9d000-7f6c00000000 ---p 00000000 00:00 0 
7f6c00d6b000-7f6c01360000 rw-p 00000000 00:00 0 
7f6c01360000-7f6c01800000 ---p 00000000 00:00 0 
7f6c018f9000-7f6c018fd000 ---p 00000000 00:00 0 
7f6c018fd000-7f6c019fa000 rw-p 00000000 00:00 0 
7f6c019fa000-7f6c019fe000 ---p 00000000 00:00 0 
7f6c019fe000-7f6c01afb000 rw-p 00000000 00:00 0 
7f6c01afb000-7f6c01aff000 ---p 00000000 00:00 0 
7f6c01aff000-7f6c01bfc000 rw-p 00000000 00:00 0 
7f6c01bfc000-7f6c01c00000 ---p 00000000 00:00 0 
7f6c01c00000-7f6c01cfd000 rw-p 00000000 00:00 0 
7f6c01cfd000-7f6c01d01000 ---p 00000000 00:00 0 
7f6c01d01000-7f6c01dfe000 rw-p 00000000 00:00 0 
7f6c01dfe000-7f6c01e02000 ---p 00000000 00:00 0 
7f6c01e02000-7f6c01eff000 rw-p 00000000 00:00 0 
7f6c01eff000-7f6c01f03000 ---p 00000000 00:00 0 
7f6c01f03000-7f6c02300000 rw-p 00000000 00:00 0 
7f6c02300000-7f6c02370000 rw-p 00000000 00:00 0 
7f6c02370000-7f6c02400000 ---p 00000000 00:00 0 
7f6c02400000-7f6c02800000 rw-p 00000000 00:00 0 
7f6c028fd000-7f6c02901000 ---p 00000000 00:00 0 
7f6c02901000-7f6c029fe000 rw-p 00000000 00:00 0 
7f6c029fe000-7f6c02a02000 ---p 00000000 00:00 0 
7f6c02a02000-7f6c02aff000 rw-p 00000000 00:00 0 
7f6c02aff000-7f6c02b03000 ---p 00000000 00:00 0 
7f6c02b03000-7f6c03100000 rw-p 00000000 00:00 0 
7f6c03100000-7f6c03200000 rw-p 00000000 00:00 0 
7f6c03200000-7f6c03400000 rw-p 00000000 00:00 0 
7f6c034fd000-7f6c03501000 ---p 00000000 00:00 0 
7f6c03501000-7f6c035fe000 rw-p 00000000 00:00 0 
7f6c035fe000-7f6c03602000 ---p 00000000 00:00 0 
7f6c03602000-7f6c036ff000 rw-p 00000000 00:00 0 
7f6c036ff000-7f6c03703000 ---p 00000000 00:00 0 
7f6c03703000-7f6c03b00000 rw-p 00000000 00:00 0 
7f6c03b00000-7f6c03c00000 rw-p 00000000 00:00 0 
7f6c03c00000-7f6c04000000 rw-p 00000000 00:00 0 
7f6c04000000-7f6c0402f000 rw-p 00000000 00:00 0 
7f6c0402f000-7f6c08000000 ---p 00000000 00:00 0 
7f6c08000000-7f6c08549000 rw-p 00000000 00:00 0 
7f6c08549000-7f6c0c000000 ---p 00000000 00:00 0 
7f6c0c000000-7f6c0c346000 rw-p 00000000 00:00 0 
7f6c0c346000-7f6c10000000 ---p 00000000 00:00 0 
7f6c10000000-7f6c100b1000 rw-p 00000000 00:00 0 
7f6c100b1000-7f6c14000000 ---p 00000000 00:00 0 
7f6c14000000-7f6c141c9000 rw-p 00000000 00:00 0 
7f6c141c9000-7f6c18000000 ---p 00000000 00:00 0 
7f6c180fd000-7f6c18101000 ---p 00000000 00:00 0 
7f6c18101000-7f6c181fe000 rw-p 00000000 00:00 0 
7f6c181fe000-7f6c18202000 ---p 00000000 00:00 0 
7f6c18202000-7f6c182ff000 rw-p 00000000 00:00 0 
7f6c182ff000-7f6c18303000 ---p 00000000 00:00 0 
7f6c18303000-7f6c18500000 rw-p 00000000 00:00 0 
7f6c18500000-7f6c18600000 rw-p 00000000 00:00 0 
7f6c18600000-7f6c18c00000 rw-p 00000000 00:00 0 
7f6c18cf0000-7f6c18cfd000 r-xp 00000000 fd:00 526691                     /home/cloud/.vscode/extensions/redhat.java-1.4.0-linux-x64/jre/17.0.2-linux-x86_64/lib/libverify.so
7f6c18cfd000-7f6c18efc000 ---p 0000d000 fd:00 526691                     /home/cloud/.vscode/extensions/redhat.java-1.4.0-linux-x64/jre/17.0.2-linux-x86_64/lib/libverify.so
7f6c18efc000-7f6c18efe000 r--p 0000c000 fd:00 526691                     /home/cloud/.vscode/extensions/redhat.java-1.4.0-linux-x64/jre/17.0.2-linux-x86_64/lib/libverify.so
7f6c18efe000-7f6c18eff000 rw-p 0000e000 fd:00 526691                     /home/cloud/.vscode/extensions/redhat.java-1.4.0-linux-x64/jre/17.0.2-linux-x86_64/lib/libverify.so
7f6c18eff000-7f6c18f03000 ---p 00000000 00:00 0 
7f6c18f03000-7f6c19700000 rw-p 00000000 00:00 0 
7f6c19700000-7f6c19800000 rw-p 00000000 00:00 0 
7f6c198ea000-7f6c198ee000 ---p 00000000 00:00 0 
7f6c198ee000-7f6c199eb000 rw-p 00000000 00:00 0 
7f6c199eb000-7f6c199ef000 ---p 00000000 00:00 0 
7f6c199ef000-7f6c19aec000 rw-p 00000000 00:00 0 
7f6c19aec000-7f6c19af0000 ---p 00000000 00:00 0 
7f6c19af0000-7f6c19bed000 rw-p 00000000 00:00 0 
7f6c19bed000-7f6c19bf1000 ---p 00000000 00:00 0 
7f6c19bf1000-7f6c19cee000 rw-p 00000000 00:00 0 
7f6c19cee000-7f6c19cf2000 ---p 00000000 00:00 0 
7f6c19cf2000-7f6c19def000 rw-p 00000000 00:00 0 
7f6c19def000-7f6c19dff000 r-xp 00000000 fd:00 527879                     /home/cloud/.config/Code/User/globalStorage/redhat.java/1.4.0/config_linux/org.eclipse.equinox.launcher/org.eclipse.equinox.launcher.gtk.linux.x86_64_1.2.400.v20211117-0650/eclipse_11600.so
7f6c19dff000-7f6c19ffe000 ---p 00010000 fd:00 527879                     /home/cloud/.config/Code/User/globalStorage/redhat.java/1.4.0/config_linux/org.eclipse.equinox.launcher/org.eclipse.equinox.launcher.gtk.linux.x86_64_1.2.400.v20211117-0650/eclipse_11600.so
7f6c19ffe000-7f6c19fff000 r--p 0000f000 fd:00 527879                     /home/cloud/.config/Code/User/globalStorage/redhat.java/1.4.0/config_linux/org.eclipse.equinox.launcher/org.eclipse.equinox.launcher.gtk.linux.x86_64_1.2.400.v20211117-0650/eclipse_11600.so
7f6c19fff000-7f6c1a000000 rw-p 00010000 fd:00 527879                     /home/cloud/.config/Code/User/globalStorage/redhat.java/1.4.0/config_linux/org.eclipse.equinox.launcher/org.eclipse.equinox.launcher.gtk.linux.x86_64_1.2.400.v20211117-0650/eclipse_11600.so
7f6c1a000000-7f6c1a100000 rw-p 00000000 00:00 0 
7f6c1a100000-7f6c1a300000 rw-p 00000000 00:00 0 
7f6c1a300000-7f6c1a400000 rw-p 00000000 00:00 0 
7f6c1a400000-7f6c1a500000 rw-p 00000000 00:00 0 
7f6c1a500000-7f6c1a600000 rw-p 00000000 00:00 0 
7f6c1a600000-7f6c1a800000 rw-p 00000000 00:00 0 
7f6c1a863000-7f6c1a867000 ---p 00000000 00:00 0 
7f6c1a867000-7f6c1a964000 rw-p 00000000 00:00 0 
7f6c1a964000-7f6c1a968000 ---p 00000000 00:00 0 
7f6c1a968000-7f6c1aa65000 rw-p 00000000 00:00 0 
7f6c1aa65000-7f6c1aa69000 ---p 00000000 00:00 0 
7f6c1aa69000-7f6c1ab66000 rw-p 00000000 00:00 0 
7f6c1ab66000-7f6c1ab7b000 r-xp 00000000 fd:00 527603                     /home/cloud/.vscode/extensions/redhat.java-1.4.0-linux-x64/jre/17.0.2-linux-x86_64/lib/libnet.so
7f6c1ab7b000-7f6c1ad7a000 ---p 00015000 fd:00 527603                     /home/cloud/.vscode/extensions/redhat.java-1.4.0-linux-x64/jre/17.0.2-linux-x86_64/lib/libnet.so
7f6c1ad7a000-7f6c1ad7b000 r--p 00014000 fd:00 527603                     /home/cloud/.vscode/extensions/redhat.java-1.4.0-linux-x64/jre/17.0.2-linux-x86_64/lib/libnet.so
7f6c1ad7b000-7f6c1ad7c000 rw-p 00015000 fd:00 527603                     /home/cloud/.vscode/extensions/redhat.java-1.4.0-linux-x64/jre/17.0.2-linux-x86_64/lib/libnet.so
7f6c1ad7c000-7f6c1ad8e000 r-xp 00000000 fd:00 527604                     /home/cloud/.vscode/extensions/redhat.java-1.4.0-linux-x64/jre/17.0.2-linux-x86_64/lib/libnio.so
7f6c1ad8e000-7f6c1af8d000 ---p 00012000 fd:00 527604                     /home/cloud/.vscode/extensions/redhat.java-1.4.0-linux-x64/jre/17.0.2-linux-x86_64/lib/libnio.so
7f6c1af8d000-7f6c1af8e000 r--p 00011000 fd:00 527604                     /home/cloud/.vscode/extensions/redhat.java-1.4.0-linux-x64/jre/17.0.2-linux-x86_64/lib/libnio.so
7f6c1af8e000-7f6c1af8f000 rw-p 00012000 fd:00 527604                     /home/cloud/.vscode/extensions/redhat.java-1.4.0-linux-x64/jre/17.0.2-linux-x86_64/lib/libnio.so
7f6c1af8f000-7f6c1af90000 ---p 00000000 00:00 0 
7f6c1af90000-7f6c1b091000 rw-p 00000000 00:00 0 
7f6c1b091000-7f6c1b095000 ---p 00000000 00:00 0 
7f6c1b095000-7f6c1b192000 rw-p 00000000 00:00 0 
7f6c1b192000-7f6c1b196000 ---p 00000000 00:00 0 
7f6c1b196000-7f6c1b293000 rw-p 00000000 00:00 0 
7f6c1b293000-7f6c1b297000 ---p 00000000 00:00 0 
7f6c1b297000-7f6c1b394000 rw-p 00000000 00:00 0 
7f6c1b394000-7f6c1b398000 ---p 00000000 00:00 0 
7f6c1b398000-7f6c1b495000 rw-p 00000000 00:00 0 
7f6c1b495000-7f6c1b499000 ---p 00000000 00:00 0 
7f6c1b499000-7f6c1b596000 rw-p 00000000 00:00 0 
7f6c1b596000-7f6c1b59a000 ---p 00000000 00:00 0 
7f6c1b59a000-7f6c1b697000 rw-p 00000000 00:00 0 
7f6c1b697000-7f6c1b69b000 ---p 00000000 00:00 0 
7f6c1b69b000-7f6c1b798000 rw-p 00000000 00:00 0 
7f6c1b798000-7f6c1b79c000 ---p 00000000 00:00 0 
7f6c1b79c000-7f6c1b899000 rw-p 00000000 00:00 0 
7f6c1b899000-7f6c1bcfc000 r--p 00000000 fd:00 659075                     /usr/lib/locale/locale-archive
7f6c1bcfc000-7f6c1bd00000 ---p 00000000 00:00 0 
7f6c1bd00000-7f6c1bdfd000 rw-p 00000000 00:00 0 
7f6c1bdfd000-7f6c1be01000 ---p 00000000 00:00 0 
7f6c1be01000-7f6c1befe000 rw-p 00000000 00:00 0 
7f6c1befe000-7f6c1beff000 ---p 00000000 00:00 0 
7f6c1beff000-7f6c1c000000 rw-p 00000000 00:00 0 
7f6c1c000000-7f6c1c145000 rw-p 00000000 00:00 0 
7f6c1c145000-7f6c20000000 ---p 00000000 00:00 0 
7f6c200fd000-7f6c22400000 rw-p 00000000 00:00 0 
7f6c22400000-7f6c22670000 rwxp 00000000 00:00 0 
7f6c22670000-7f6c2298f000 ---p 00000000 00:00 0 
7f6c2298f000-7f6c2388f000 rwxp 00000000 00:00 0 
7f6c2388f000-7f6c29ec7000 ---p 00000000 00:00 0 
7f6c29ec7000-7f6c2a1c7000 rwxp 00000000 00:00 0 
7f6c2a1c7000-7f6c31400000 ---p 00000000 00:00 0 
7f6c31400000-7f6c34000000 r--s 00000000 fd:00 527612                     /home/cloud/.vscode/extensions/redhat.java-1.4.0-linux-x64/jre/17.0.2-linux-x86_64/lib/modules
7f6c34000000-7f6c34706000 rw-p 00000000 00:00 0 
7f6c34706000-7f6c38000000 ---p 00000000 00:00 0 
7f6c380fd000-7f6c38800000 rw-p 00000000 00:00 0 
7f6c38800000-7f6c38820000 rw-p 00000000 00:00 0 
7f6c38820000-7f6c38840000 rw-p 00000000 00:00 0 
7f6c38840000-7f6c38880000 rw-p 00000000 00:00 0 
7f6c38880000-7f6c38900000 rw-p 00000000 00:00 0 
7f6c38900000-7f6c38b00000 rw-p 00000000 00:00 0 
7f6c38b00000-7f6c38b40000 rw-p 00000000 00:00 0 
7f6c38b40000-7f6c38b80000 rw-p 00000000 00:00 0 
7f6c38b80000-7f6c38c00000 rw-p 00000000 00:00 0 
7f6c38c1c000-7f6c38c23000 r-xp 00000000 fd:00 527611                     /home/cloud/.vscode/extensions/redhat.java-1.4.0-linux-x64/jre/17.0.2-linux-x86_64/lib/libzip.so
7f6c38c23000-7f6c38e23000 ---p 00007000 fd:00 527611                     /home/cloud/.vscode/extensions/redhat.java-1.4.0-linux-x64/jre/17.0.2-linux-x86_64/lib/libzip.so
7f6c38e23000-7f6c38e24000 r--p 00007000 fd:00 527611                     /home/cloud/.vscode/extensions/redhat.java-1.4.0-linux-x64/jre/17.0.2-linux-x86_64/lib/libzip.so
7f6c38e24000-7f6c38e25000 rw-p 00008000 fd:00 527611                     /home/cloud/.vscode/extensions/redhat.java-1.4.0-linux-x64/jre/17.0.2-linux-x86_64/lib/libzip.so
7f6c38e25000-7f6c39163000 rw-p 00000000 00:00 0 
7f6c39163000-7f6c391fc000 ---p 00000000 00:00 0 
7f6c391fc000-7f6c391fd000 ---p 00000000 00:00 0 
7f6c391fd000-7f6c393bb000 rw-p 00000000 00:00 0 
7f6c393bb000-7f6c39453000 ---p 00000000 00:00 0 
7f6c39453000-7f6c394fe000 rw-p 00000000 00:00 0 
7f6c394fe000-7f6c39505000 rw-p 00000000 00:00 0 
7f6c39505000-7f6c395ea000 ---p 00000000 00:00 0 
7f6c395ea000-7f6c39608000 rw-p 00000000 00:00 0 
7f6c39608000-7f6c396d5000 ---p 00000000 00:00 0 
7f6c396d5000-7f6c396f9000 r-xp 00000000 fd:00 527590                     /home/cloud/.vscode/extensions/redhat.java-1.4.0-linux-x64/jre/17.0.2-linux-x86_64/lib/libjava.so
7f6c396f9000-7f6c398f9000 ---p 00024000 fd:00 527590                     /home/cloud/.vscode/extensions/redhat.java-1.4.0-linux-x64/jre/17.0.2-linux-x86_64/lib/libjava.so
7f6c398f9000-7f6c398fa000 r--p 00024000 fd:00 527590                     /home/cloud/.vscode/extensions/redhat.java-1.4.0-linux-x64/jre/17.0.2-linux-x86_64/lib/libjava.so
7f6c398fa000-7f6c398fb000 rw-p 00025000 fd:00 527590                     /home/cloud/.vscode/extensions/redhat.java-1.4.0-linux-x64/jre/17.0.2-linux-x86_64/lib/libjava.so
7f6c398fb000-7f6c398fc000 rw-p 00000000 00:00 0 
7f6c398fc000-7f6c39907000 r-xp 00000000 fd:00 2097329                    /lib/x86_64-linux-gnu/libnss_files-2.27.so
7f6c39907000-7f6c39b06000 ---p 0000b000 fd:00 2097329                    /lib/x86_64-linux-gnu/libnss_files-2.27.so
7f6c39b06000-7f6c39b07000 r--p 0000a000 fd:00 2097329                    /lib/x86_64-linux-gnu/libnss_files-2.27.so
7f6c39b07000-7f6c39b08000 rw-p 0000b000 fd:00 2097329                    /lib/x86_64-linux-gnu/libnss_files-2.27.so
7f6c39b08000-7f6c39b0e000 rw-p 00000000 00:00 0 
7f6c39b0e000-7f6c39b25000 r-xp 00000000 fd:00 2097320                    /lib/x86_64-linux-gnu/libnsl-2.27.so
7f6c39b25000-7f6c39d24000 ---p 00017000 fd:00 2097320                    /lib/x86_64-linux-gnu/libnsl-2.27.so
7f6c39d24000-7f6c39d25000 r--p 00016000 fd:00 2097320                    /lib/x86_64-linux-gnu/libnsl-2.27.so
7f6c39d25000-7f6c39d26000 rw-p 00017000 fd:00 2097320                    /lib/x86_64-linux-gnu/libnsl-2.27.so
7f6c39d26000-7f6c39d28000 rw-p 00000000 00:00 0 
7f6c39d28000-7f6c39d33000 r-xp 00000000 fd:00 2097331                    /lib/x86_64-linux-gnu/libnss_nis-2.27.so
7f6c39d33000-7f6c39f32000 ---p 0000b000 fd:00 2097331                    /lib/x86_64-linux-gnu/libnss_nis-2.27.so
7f6c39f32000-7f6c39f33000 r--p 0000a000 fd:00 2097331                    /lib/x86_64-linux-gnu/libnss_nis-2.27.so
7f6c39f33000-7f6c39f34000 rw-p 0000b000 fd:00 2097331                    /lib/x86_64-linux-gnu/libnss_nis-2.27.so
7f6c39f34000-7f6c39f3c000 r-xp 00000000 fd:00 2097321                    /lib/x86_64-linux-gnu/libnss_compat-2.27.so
7f6c39f3c000-7f6c3a13c000 ---p 00008000 fd:00 2097321                    /lib/x86_64-linux-gnu/libnss_compat-2.27.so
7f6c3a13c000-7f6c3a13d000 r--p 00008000 fd:00 2097321                    /lib/x86_64-linux-gnu/libnss_compat-2.27.so
7f6c3a13d000-7f6c3a13e000 rw-p 00009000 fd:00 2097321                    /lib/x86_64-linux-gnu/libnss_compat-2.27.so
7f6c3a13e000-7f6c3a159000 r-xp 00000000 fd:00 527594                     /home/cloud/.vscode/extensions/redhat.java-1.4.0-linux-x64/jre/17.0.2-linux-x86_64/lib/libjimage.so
7f6c3a159000-7f6c3a358000 ---p 0001b000 fd:00 527594                     /home/cloud/.vscode/extensions/redhat.java-1.4.0-linux-x64/jre/17.0.2-linux-x86_64/lib/libjimage.so
7f6c3a358000-7f6c3a35a000 r--p 0001a000 fd:00 527594                     /home/cloud/.vscode/extensions/redhat.java-1.4.0-linux-x64/jre/17.0.2-linux-x86_64/lib/libjimage.so
7f6c3a35a000-7f6c3a35b000 rw-p 0001c000 fd:00 527594                     /home/cloud/.vscode/extensions/redhat.java-1.4.0-linux-x64/jre/17.0.2-linux-x86_64/lib/libjimage.so
7f6c3a35b000-7f6c3a4f8000 r-xp 00000000 fd:00 2097306                    /lib/x86_64-linux-gnu/libm-2.27.so
7f6c3a4f8000-7f6c3a6f7000 ---p 0019d000 fd:00 2097306                    /lib/x86_64-linux-gnu/libm-2.27.so
7f6c3a6f7000-7f6c3a6f8000 r--p 0019c000 fd:00 2097306                    /lib/x86_64-linux-gnu/libm-2.27.so
7f6c3a6f8000-7f6c3a6f9000 rw-p 0019d000 fd:00 2097306                    /lib/x86_64-linux-gnu/libm-2.27.so
7f6c3a6f9000-7f6c3a700000 r-xp 00000000 fd:00 2097345                    /lib/x86_64-linux-gnu/librt-2.27.so
7f6c3a700000-7f6c3a8ff000 ---p 00007000 fd:00 2097345                    /lib/x86_64-linux-gnu/librt-2.27.so
7f6c3a8ff000-7f6c3a900000 r--p 00006000 fd:00 2097345                    /lib/x86_64-linux-gnu/librt-2.27.so
7f6c3a900000-7f6c3a901000 rw-p 00007000 fd:00 2097345                    /lib/x86_64-linux-gnu/librt-2.27.so
7f6c3a901000-7f6c3bbe5000 r-xp 00000000 fd:00 527622                     /home/cloud/.vscode/extensions/redhat.java-1.4.0-linux-x64/jre/17.0.2-linux-x86_64/lib/server/libjvm.so
7f6c3bbe5000-7f6c3bde5000 ---p 012e4000 fd:00 527622                     /home/cloud/.vscode/extensions/redhat.java-1.4.0-linux-x64/jre/17.0.2-linux-x86_64/lib/server/libjvm.so
7f6c3bde5000-7f6c3be9e000 r--p 012e4000 fd:00 527622                     /home/cloud/.vscode/extensions/redhat.java-1.4.0-linux-x64/jre/17.0.2-linux-x86_64/lib/server/libjvm.so
7f6c3be9e000-7f6c3bed3000 rw-p 0139d000 fd:00 527622                     /home/cloud/.vscode/extensions/redhat.java-1.4.0-linux-x64/jre/17.0.2-linux-x86_64/lib/server/libjvm.so
7f6c3bed3000-7f6c3bf2c000 rw-p 00000000 00:00 0 
7f6c3bf2c000-7f6c3c113000 r-xp 00000000 fd:00 2097281                    /lib/x86_64-linux-gnu/libc-2.27.so
7f6c3c113000-7f6c3c313000 ---p 001e7000 fd:00 2097281                    /lib/x86_64-linux-gnu/libc-2.27.so
7f6c3c313000-7f6c3c317000 r--p 001e7000 fd:00 2097281                    /lib/x86_64-linux-gnu/libc-2.27.so
7f6c3c317000-7f6c3c319000 rw-p 001eb000 fd:00 2097281                    /lib/x86_64-linux-gnu/libc-2.27.so
7f6c3c319000-7f6c3c31d000 rw-p 00000000 00:00 0 
7f6c3c31d000-7f6c3c320000 r-xp 00000000 fd:00 2097305                    /lib/x86_64-linux-gnu/libdl-2.27.so
7f6c3c320000-7f6c3c51f000 ---p 00003000 fd:00 2097305                    /lib/x86_64-linux-gnu/libdl-2.27.so
7f6c3c51f000-7f6c3c520000 r--p 00002000 fd:00 2097305                    /lib/x86_64-linux-gnu/libdl-2.27.so
7f6c3c520000-7f6c3c521000 rw-p 00003000 fd:00 2097305                    /lib/x86_64-linux-gnu/libdl-2.27.so
7f6c3c521000-7f6c3c53b000 r-xp 00000000 fd:00 2097336                    /lib/x86_64-linux-gnu/libpthread-2.27.so
7f6c3c53b000-7f6c3c73a000 ---p 0001a000 fd:00 2097336                    /lib/x86_64-linux-gnu/libpthread-2.27.so
7f6c3c73a000-7f6c3c73b000 r--p 00019000 fd:00 2097336                    /lib/x86_64-linux-gnu/libpthread-2.27.so
7f6c3c73b000-7f6c3c73c000 rw-p 0001a000 fd:00 2097336                    /lib/x86_64-linux-gnu/libpthread-2.27.so
7f6c3c73c000-7f6c3c740000 rw-p 00000000 00:00 0 
7f6c3c740000-7f6c3c74f000 r-xp 00000000 fd:00 527595                     /home/cloud/.vscode/extensions/redhat.java-1.4.0-linux-x64/jre/17.0.2-linux-x86_64/lib/libjli.so
7f6c3c74f000-7f6c3c94f000 ---p 0000f000 fd:00 527595                     /home/cloud/.vscode/extensions/redhat.java-1.4.0-linux-x64/jre/17.0.2-linux-x86_64/lib/libjli.so
7f6c3c94f000-7f6c3c950000 r--p 0000f000 fd:00 527595                     /home/cloud/.vscode/extensions/redhat.java-1.4.0-linux-x64/jre/17.0.2-linux-x86_64/lib/libjli.so
7f6c3c950000-7f6c3c951000 rw-p 00010000 fd:00 527595                     /home/cloud/.vscode/extensions/redhat.java-1.4.0-linux-x64/jre/17.0.2-linux-x86_64/lib/libjli.so
7f6c3c951000-7f6c3c96d000 r-xp 00000000 fd:00 2097359                    /lib/x86_64-linux-gnu/libz.so.1.2.11
7f6c3c96d000-7f6c3cb6c000 ---p 0001c000 fd:00 2097359                    /lib/x86_64-linux-gnu/libz.so.1.2.11
7f6c3cb6c000-7f6c3cb6d000 r--p 0001b000 fd:00 2097359                    /lib/x86_64-linux-gnu/libz.so.1.2.11
7f6c3cb6d000-7f6c3cb6e000 rw-p 0001c000 fd:00 2097359                    /lib/x86_64-linux-gnu/libz.so.1.2.11
7f6c3cb6e000-7f6c3cb95000 r-xp 00000000 fd:00 2097181                    /lib/x86_64-linux-gnu/ld-2.27.so
7f6c3cb9c000-7f6c3cba3000 r--s 00000000 fd:00 662715                     /usr/lib/x86_64-linux-gnu/gconv/gconv-modules.cache
7f6c3cba3000-7f6c3cba7000 ---p 00000000 00:00 0 
7f6c3cba7000-7f6c3cc75000 rw-p 00000000 00:00 0 
7f6c3cc75000-7f6c3cc79000 ---p 00000000 00:00 0 
7f6c3cc79000-7f6c3cd78000 rw-p 00000000 00:00 0 
7f6c3cd7c000-7f6c3cd81000 rw-p 00000000 00:00 0 
7f6c3cd81000-7f6c3cd88000 ---p 00000000 00:00 0 
7f6c3cd88000-7f6c3cd90000 rw-s 00000000 fd:00 1313423                    /tmp/hsperfdata_cloud/3854
7f6c3cd90000-7f6c3cd91000 ---p 00000000 00:00 0 
7f6c3cd91000-7f6c3cd92000 r--p 00000000 00:00 0 
7f6c3cd92000-7f6c3cd93000 ---p 00000000 00:00 0 
7f6c3cd93000-7f6c3cd95000 rw-p 00000000 00:00 0 
7f6c3cd95000-7f6c3cd96000 r--p 00027000 fd:00 2097181                    /lib/x86_64-linux-gnu/ld-2.27.so
7f6c3cd96000-7f6c3cd97000 rw-p 00028000 fd:00 2097181                    /lib/x86_64-linux-gnu/ld-2.27.so
7f6c3cd97000-7f6c3cd98000 rw-p 00000000 00:00 0 
7ffee5325000-7ffee5346000 rw-p 00000000 00:00 0                          [stack]
7ffee5366000-7ffee5369000 r--p 00000000 00:00 0                          [vvar]
7ffee5369000-7ffee536b000 r-xp 00000000 00:00 0                          [vdso]
ffffffffff600000-ffffffffff601000 r-xp 00000000 00:00 0                  [vsyscall]


VM Arguments:
jvm_args: --add-modules=ALL-SYSTEM --add-opens=java.base/java.util=ALL-UNNAMED --add-opens=java.base/java.lang=ALL-UNNAMED --add-opens=java.base/sun.nio.fs=ALL-UNNAMED -Declipse.application=org.eclipse.jdt.ls.core.id1 -Dosgi.bundles.defaultStartLevel=4 -Declipse.product=org.eclipse.jdt.ls.core.product -Djava.import.generatesMetadataFilesAtProjectRoot=false -Dfile.encoding=utf8 -XX:+UseParallelGC -XX:GCTimeRatio=4 -XX:AdaptiveSizePolicyWeight=90 -Dsun.zip.disableMemoryMapping=true -Xmx1G -Xms100m -XX:+HeapDumpOnOutOfMemoryError -XX:HeapDumpPath=/home/cloud/.config/Code/User/workspaceStorage/ebeff5a1f126a8ea674e0a1d12267378/redhat.java 
java_command: /home/cloud/.vscode/extensions/redhat.java-1.4.0-linux-x64/server/plugins/org.eclipse.equinox.launcher_1.6.400.v20210924-0641.jar -configuration /home/cloud/.config/Code/User/globalStorage/redhat.java/1.4.0/config_linux -data /home/cloud/.config/Code/User/workspaceStorage/ebeff5a1f126a8ea674e0a1d12267378/redhat.java/jdt_ws
java_class_path (initial): /home/cloud/.vscode/extensions/redhat.java-1.4.0-linux-x64/server/plugins/org.eclipse.equinox.launcher_1.6.400.v20210924-0641.jar
Launcher Type: SUN_STANDARD

[Global flags]
    uintx AdaptiveSizePolicyWeight                 = 90                                        {product} {command line}
     intx CICompilerCount                          = 2                                         {product} {ergonomic}
    uintx GCTimeRatio                              = 4                                         {product} {command line}
     bool HeapDumpOnOutOfMemoryError               = true                                   {manageable} {command line}
    ccstr HeapDumpPath                             = /home/cloud/.config/Code/User/workspaceStorage/ebeff5a1f126a8ea674e0a1d12267378/redhat.java         {manageable} {command line}
   size_t InitialHeapSize                          = 104857600                                 {product} {command line}
   size_t MaxHeapSize                              = 1073741824                                {product} {command line}
   size_t MaxNewSize                               = 357564416                                 {product} {ergonomic}
   size_t MinHeapDeltaBytes                        = 524288                                    {product} {ergonomic}
   size_t MinHeapSize                              = 104857600                                 {product} {command line}
   size_t NewSize                                  = 34603008                                  {product} {ergonomic}
    uintx NonNMethodCodeHeapSize                   = 5826188                                {pd product} {ergonomic}
    uintx NonProfiledCodeHeapSize                  = 122916026                              {pd product} {ergonomic}
   size_t OldSize                                  = 70254592                                  {product} {ergonomic}
    uintx ProfiledCodeHeapSize                     = 122916026                              {pd product} {ergonomic}
    uintx ReservedCodeCacheSize                    = 251658240                              {pd product} {ergonomic}
     bool SegmentedCodeCache                       = true                                      {product} {ergonomic}
   size_t SoftMaxHeapSize                          = 1073741824                             {manageable} {ergonomic}
     bool UseCompressedClassPointers               = true                           {product lp64_product} {ergonomic}
     bool UseCompressedOops                        = true                           {product lp64_product} {ergonomic}
     bool UseParallelGC                            = true                                      {product} {command line}

Logging:
Log output configuration:
 #0: stdout all=warning uptime,level,tags
 #1: stderr all=off uptime,level,tags

Environment Variables:
PATH=/home/cloud/.sdkman/candidates/maven/current/bin:/sbin:/bin:/usr/bin:/usr/local/bin:/snap/bin
SHELL=/bin/bash
DISPLAY=:10.0
LANG=en_US.UTF-8

Signal Handlers:
   SIGSEGV: crash_handler in libjvm.so, mask=11100100010111111101111111111110, flags=SA_RESTART|SA_SIGINFO
    SIGBUS: crash_handler in libjvm.so, mask=11100100010111111101111111111110, flags=SA_RESTART|SA_SIGINFO
    SIGFPE: crash_handler in libjvm.so, mask=11100100010111111101111111111110, flags=SA_RESTART|SA_SIGINFO
   SIGPIPE: javaSignalHandler in libjvm.so, mask=11100100010111111101111111111110, flags=SA_RESTART|SA_SIGINFO
   SIGXFSZ: javaSignalHandler in libjvm.so, mask=11100100010111111101111111111110, flags=SA_RESTART|SA_SIGINFO
    SIGILL: crash_handler in libjvm.so, mask=11100100010111111101111111111110, flags=SA_RESTART|SA_SIGINFO
   SIGUSR2: SR_handler in libjvm.so, mask=00000000000000000000000000000000, flags=SA_RESTART|SA_SIGINFO
    SIGHUP: UserHandler in libjvm.so, mask=11100100010111111101111111111110, flags=SA_RESTART|SA_SIGINFO
    SIGINT: UserHandler in libjvm.so, mask=11100100010111111101111111111110, flags=SA_RESTART|SA_SIGINFO
   SIGTERM: UserHandler in libjvm.so, mask=11100100010111111101111111111110, flags=SA_RESTART|SA_SIGINFO
   SIGQUIT: UserHandler in libjvm.so, mask=11100100010111111101111111111110, flags=SA_RESTART|SA_SIGINFO
   SIGTRAP: crash_handler in libjvm.so, mask=11100100010111111101111111111110, flags=SA_RESTART|SA_SIGINFO


---------------  S Y S T E M  ---------------

OS:
DISTRIB_ID=Ubuntu
DISTRIB_RELEASE=18.04
DISTRIB_CODENAME=bionic
DISTRIB_DESCRIPTION="Ubuntu 18.04.3 LTS"
uname: Linux 4.15.0-43-generic #46-Ubuntu SMP Thu Dec 6 14:45:28 UTC 2018 x86_64
OS uptime: 0 days 0:40 hours
libc: glibc 2.27 NPTL 2.27 
rlimit (soft/hard): STACK 8192k/infinity , CORE 0k/infinity , NPROC 7792/7792 , NOFILE 4096/4096 , AS infinity/infinity , CPU infinity/infinity , DATA infinity/infinity , FSIZE infinity/infinity , MEMLOCK 16384k/16384k
load average: 7.17 4.44 2.42

/proc/meminfo:
MemTotal:        2041228 kB
MemFree:           65780 kB
MemAvailable:      27052 kB
Buffers:             688 kB
Cached:           163336 kB
SwapCached:        25180 kB
Active:          1362752 kB
Inactive:         474860 kB
Active(anon):    1339284 kB
Inactive(anon):   447604 kB
Active(file):      23468 kB
Inactive(file):    27256 kB
Unevictable:          96 kB
Mlocked:              96 kB
SwapTotal:       1044476 kB
SwapFree:            920 kB
Dirty:               100 kB
Writeback:             0 kB
AnonPages:       1648688 kB
Mapped:           141248 kB
Shmem:            113252 kB
Slab:              56072 kB
SReclaimable:      22416 kB
SUnreclaim:        33656 kB
KernelStack:       11424 kB
PageTables:        44404 kB
NFS_Unstable:          0 kB
Bounce:                0 kB
WritebackTmp:          0 kB
CommitLimit:     2065088 kB
Committed_AS:    6597188 kB
VmallocTotal:   34359738367 kB
VmallocUsed:           0 kB
VmallocChunk:          0 kB
HardwareCorrupted:     0 kB
AnonHugePages:         0 kB
ShmemHugePages:        0 kB
ShmemPmdMapped:        0 kB
CmaTotal:              0 kB
CmaFree:               0 kB
HugePages_Total:       0
HugePages_Free:        0
HugePages_Rsvd:        0
HugePages_Surp:        0
Hugepagesize:       2048 kB
DirectMap4k:      106352 kB
DirectMap2M:     1990656 kB

/sys/kernel/mm/transparent_hugepage/enabled: always [madvise] never
/sys/kernel/mm/transparent_hugepage/defrag (defrag/compaction efforts parameter): always defer defer+madvise [madvise] never

Process Memory:
Virtual Size: 3155168K (peak: 3318132K)
Resident Set Size: 812868K (peak: 814856K) (anon: 811608K, file: 1260K, shmem: 0K)
Swapped out: 652K
C-Heap outstanding allocations: 31600K

/proc/sys/kernel/threads-max (system-wide limit on the number of threads): 15585
/proc/sys/vm/max_map_count (maximum number of memory map areas a process may have): 65530
/proc/sys/kernel/pid_max (system-wide limit on number of process identifiers): 32768

container (cgroup) information:
container_type: cgroupv1
cpu_cpuset_cpus: 0
cpu_memory_nodes: 0
active_processor_count: 1
cpu_quota: no quota
cpu_period: 100000
cpu_shares: no shares
memory_limit_in_bytes: unlimited
memory_and_swap_limit_in_bytes: not supported
memory_soft_limit_in_bytes: unlimited
memory_usage_in_bytes: 1865871360
memory_max_usage_in_bytes: unlimited

KVM virtualization detected
Steal ticks since vm start: 4
Steal ticks percentage since vm start:  0.000

CPU: total 1 (initial active 1) (1 cores per cpu, 1 threads per core) family 6 model 13 stepping 3 microcode 0x1, cx8, cmov, fxsr, mmx, sse, sse2, sse3, tsc, clflush, hv
CPU Model and flags from /proc/cpuinfo:
model name	: QEMU Virtual CPU version 2.5+
flags		: fpu de pse tsc msr pae mce cx8 apic sep mtrr pge mca cmov pse36 clflush mmx fxsr sse sse2 syscall nx lm rep_good nopl xtopology cpuid pni cx16 x2apic hypervisor lahf_lm pti

Online cpus: 0
Offline cpus: 
BIOS frequency limitation: <Not Available>
Frequency switch latency (ns): <Not Available>
Available cpu frequencies: <Not Available>
Current governor: <Not Available>
Core performance/turbo boost: <Not Available>

Memory: 4k page, physical 2041228k(64664k free), swap 1044476k(920k free)
Page Sizes: 4k

vm_info: OpenJDK 64-Bit Server VM (17.0.2+8) for linux-amd64 JRE (17.0.2+8), built on Jan 20 2022 09:56:58 by "" with gcc 7.5.0

END.
